<?xml version="1.0" encoding="UTF-8"?>
<testng-results skipped="0" failed="0" ignored="0" total="1" passed="1">
  <reporter-output>
  </reporter-output>
  <suite name="testSuite" duration-ms="3057" started-at="2021-08-26T10:30:33 CEST" finished-at="2021-08-26T10:30:36 CEST">
    <groups>
    </groups>
    <test name="Test" duration-ms="3057" started-at="2021-08-26T10:30:33 CEST" finished-at="2021-08-26T10:30:36 CEST">
      <class name="tests.SmartExcel">
        <test-method status="PASS" signature="smartCom()[pri:0, instance:tests.SmartExcel@757277dc]" name="smartCom" duration-ms="3030" started-at="2021-08-26T10:30:33 CEST" finished-at="2021-08-26T10:30:36 CEST">
          <reporter-output>
          </reporter-output>
        </test-method> <!-- smartCom -->
      </class> <!-- tests.SmartExcel -->
    </test> <!-- Test -->
  </suite> <!-- testSuite -->
</testng-results>
