<?xml version="1.0" encoding="UTF-8"?>
<testsuite xmlns:xsi="http://www.w3.org/2001/XMLSchema-instance" xsi:noNamespaceSchemaLocation="https://maven.apache.org/surefire/maven-surefire-plugin/xsd/surefire-test-report-3.0.xsd" version="3.0" name="TestSuite" time="4.036" tests="1" errors="0" skipped="0" failures="0">
  <properties>
[...]
</properties>
  <testcase name="smartCom" classname="tests.SmartExcel" time="3.033">
    <system-out><![CDATA[10:30:36.605 [main] INFO  tests.SmartExcel - Passed
]]></system-out>
  </testcase>
</testsuite>