<?xml version="1.0" encoding="UTF-8"?>
<testng-results skipped="0" failed="0" ignored="0" total="2" passed="2">
  <reporter-output>
  </reporter-output>
  <suite name="Default suite" duration-ms="6136" started-at="2022-03-17T14:24:40 CET" finished-at="2022-03-17T14:24:47 CET">
    <groups>
    </groups>
    <test name="Default test" duration-ms="6136" started-at="2022-03-17T14:24:40 CET" finished-at="2022-03-17T14:24:47 CET">
      <class name="tests.SmartExcel">
        <test-method status="PASS" signature="smartCom()[pri:0, instance:tests.SmartExcel@7619fbe7]" name="smartCom" duration-ms="4781" started-at="2022-03-17T14:24:40 CET" finished-at="2022-03-17T14:24:45 CET">
          <reporter-output>
          </reporter-output>
        </test-method> <!-- smartCom -->
        <test-method status="PASS" signature="smartCom2()[pri:2, instance:tests.SmartExcel@7619fbe7]" name="smartCom2" duration-ms="1282" started-at="2022-03-17T14:24:45 CET" finished-at="2022-03-17T14:24:47 CET">
          <reporter-output>
          </reporter-output>
        </test-method> <!-- smartCom2 -->
      </class> <!-- tests.SmartExcel -->
    </test> <!-- Default test -->
  </suite> <!-- Default suite -->
</testng-results>
